<?xml version="1.0" encoding="UTF-8"?>
<testsuite name="com.cardinalhealth.security.test.web.resource.PermissionResourceTest" tests="0" skipped="0" failures="0" errors="0" timestamp="1970-01-01T00:00:00" hostname="VOHVINARSHA04" time="0.0">
  <properties/>
  <system-out><![CDATA[08:50:38.193 [Test worker] DEBUG o.s.t.annotation.ProfileValueUtils - Retrieved @ProfileValueSourceConfiguration [null] for test class [com.cardinalhealth.security.test.web.resource.PermissionResourceTest]
08:50:38.193 [Test worker] DEBUG o.s.t.annotation.ProfileValueUtils - Retrieved ProfileValueSource type [class org.springframework.test.annotation.SystemProfileValueSource] for class [com.cardinalhealth.security.test.web.resource.PermissionResourceTest]
08:50:38.195 [Test worker] DEBUG o.s.test.context.BootstrapUtils - Instantiating CacheAwareContextLoaderDelegate from class [org.springframework.test.context.cache.DefaultCacheAwareContextLoaderDelegate]
08:50:38.195 [Test worker] DEBUG o.s.test.context.BootstrapUtils - Instantiating BootstrapContext using constructor [public org.springframework.test.context.support.DefaultBootstrapContext(java.lang.Class,org.springframework.test.context.CacheAwareContextLoaderDelegate)]
08:50:38.199 [Test worker] DEBUG o.s.test.context.BootstrapUtils - Instantiating TestContextBootstrapper for test class [com.cardinalhealth.security.test.web.resource.PermissionResourceTest] from class [org.springframework.test.context.web.WebTestContextBootstrapper]
08:50:38.202 [Test worker] DEBUG o.s.t.c.w.WebTestContextBootstrapper - Found explicit ContextLoader class [org.springframework.boot.test.SpringApplicationContextLoader] for context configuration attributes [ContextConfigurationAttributes@604880f2 declaringClass = 'com.cardinalhealth.security.test.web.resource.PermissionResourceTest', classes = '{class com.cardinalhealth.DemoApplicationTests}', locations = '{}', inheritLocations = true, initializers = '{}', inheritInitializers = true, name = [null], contextLoaderClass = 'org.springframework.boot.test.SpringApplicationContextLoader']
08:50:38.205 [Test worker] DEBUG o.s.t.c.s.AbstractContextLoader - Did not detect default resource location for test class [com.cardinalhealth.security.test.web.resource.PermissionResourceTest]: class path resource [com/cardinalhealth/security/test/web/resource/PermissionResourceTest-context.xml] does not exist
08:50:38.207 [Test worker] DEBUG o.s.t.c.s.AbstractContextLoader - Did not detect default resource location for test class [com.cardinalhealth.security.test.web.resource.PermissionResourceTest]: class path resource [com/cardinalhealth/security/test/web/resource/PermissionResourceTestContext.groovy] does not exist
08:50:38.208 [Test worker] INFO  o.s.t.c.s.AbstractContextLoader - Could not detect default resource locations for test class [com.cardinalhealth.security.test.web.resource.PermissionResourceTest]: no resource found for suffixes {-context.xml, Context.groovy}.
08:50:38.209 [Test worker] DEBUG o.s.t.c.support.ActiveProfilesUtils - Could not find an 'annotation declaring class' for annotation type [org.springframework.test.context.ActiveProfiles] and class [com.cardinalhealth.security.test.web.resource.PermissionResourceTest]
08:50:38.215 [Test worker] INFO  o.s.t.c.w.WebTestContextBootstrapper - Using TestExecutionListeners: [org.springframework.boot.test.IntegrationTestPropertiesListener@41a5a172, org.springframework.test.context.support.DirtiesContextBeforeModesTestExecutionListener@4656d4be, org.springframework.test.context.support.DependencyInjectionTestExecutionListener@623d8396, org.springframework.test.context.support.DirtiesContextTestExecutionListener@5e12cf77, org.springframework.test.context.transaction.TransactionalTestExecutionListener@32505bf6, org.springframework.test.context.jdbc.SqlScriptsTestExecutionListener@42539a26]
]]></system-out>
  <system-err><![CDATA[]]></system-err>
</testsuite>
