<?xml version="1.0" encoding="UTF-8"?>
<testsuite name="com.cardinalhealth.DemoApplicationTests" tests="0" skipped="0" failures="0" errors="0" timestamp="1970-01-01T00:00:00" hostname="VOHVINARSHA04" time="0.0">
  <properties/>
  <system-out><![CDATA[08:50:37.815 [Test worker] DEBUG o.s.t.c.j.SpringJUnit4ClassRunner - SpringJUnit4ClassRunner constructor called with [class com.cardinalhealth.DemoApplicationTests]
08:50:37.834 [Test worker] DEBUG o.s.test.context.BootstrapUtils - Instantiating CacheAwareContextLoaderDelegate from class [org.springframework.test.context.cache.DefaultCacheAwareContextLoaderDelegate]
08:50:37.849 [Test worker] DEBUG o.s.test.context.BootstrapUtils - Instantiating BootstrapContext using constructor [public org.springframework.test.context.support.DefaultBootstrapContext(java.lang.Class,org.springframework.test.context.CacheAwareContextLoaderDelegate)]
08:50:37.872 [Test worker] DEBUG o.s.test.context.BootstrapUtils - Instantiating TestContextBootstrapper for test class [com.cardinalhealth.DemoApplicationTests] from class [org.springframework.test.context.web.WebTestContextBootstrapper]
08:50:37.914 [Test worker] DEBUG o.s.t.c.w.WebTestContextBootstrapper - Found explicit ContextLoader class [org.springframework.boot.test.SpringApplicationContextLoader] for context configuration attributes [ContextConfigurationAttributes@1cb596b6 declaringClass = 'com.cardinalhealth.DemoApplicationTests', classes = '{class com.cardinalhealth.DemoApplication}', locations = '{}', inheritLocations = true, initializers = '{}', inheritInitializers = true, name = [null], contextLoaderClass = 'org.springframework.boot.test.SpringApplicationContextLoader']
08:50:37.934 [Test worker] DEBUG o.s.t.c.s.AbstractContextLoader - Did not detect default resource location for test class [com.cardinalhealth.DemoApplicationTests]: class path resource [com/cardinalhealth/DemoApplicationTests-context.xml] does not exist
08:50:37.935 [Test worker] DEBUG o.s.t.c.s.AbstractContextLoader - Did not detect default resource location for test class [com.cardinalhealth.DemoApplicationTests]: class path resource [com/cardinalhealth/DemoApplicationTestsContext.groovy] does not exist
08:50:37.935 [Test worker] INFO  o.s.t.c.s.AbstractContextLoader - Could not detect default resource locations for test class [com.cardinalhealth.DemoApplicationTests]: no resource found for suffixes {-context.xml, Context.groovy}.
08:50:37.939 [Test worker] DEBUG o.s.t.c.support.ActiveProfilesUtils - Could not find an 'annotation declaring class' for annotation type [org.springframework.test.context.ActiveProfiles] and class [com.cardinalhealth.DemoApplicationTests]
08:50:37.947 [Test worker] DEBUG o.s.t.c.w.WebTestContextBootstrapper - @TestExecutionListeners is not present for class [com.cardinalhealth.DemoApplicationTests]: using defaults.
08:50:37.964 [Test worker] INFO  o.s.t.c.w.WebTestContextBootstrapper - Loaded default TestExecutionListener class names from location [META-INF/spring.factories]: [org.springframework.test.context.web.ServletTestExecutionListener, org.springframework.test.context.support.DirtiesContextBeforeModesTestExecutionListener, org.springframework.test.context.support.DependencyInjectionTestExecutionListener, org.springframework.test.context.support.DirtiesContextTestExecutionListener, org.springframework.test.context.transaction.TransactionalTestExecutionListener, org.springframework.test.context.jdbc.SqlScriptsTestExecutionListener]
08:50:38.014 [Test worker] INFO  o.s.t.c.w.WebTestContextBootstrapper - Using TestExecutionListeners: [org.springframework.test.context.web.ServletTestExecutionListener@1c46e45e, org.springframework.test.context.support.DirtiesContextBeforeModesTestExecutionListener@57d5698f, org.springframework.test.context.support.DependencyInjectionTestExecutionListener@38168bbc, org.springframework.test.context.support.DirtiesContextTestExecutionListener@2ed2329d, org.springframework.test.context.transaction.TransactionalTestExecutionListener@59d570d, org.springframework.test.context.jdbc.SqlScriptsTestExecutionListener@7978cf20]
08:50:38.039 [Test worker] DEBUG o.s.t.annotation.ProfileValueUtils - Retrieved @ProfileValueSourceConfiguration [null] for test class [com.cardinalhealth.DemoApplicationTests]
08:50:38.040 [Test worker] DEBUG o.s.t.annotation.ProfileValueUtils - Retrieved ProfileValueSource type [class org.springframework.test.annotation.SystemProfileValueSource] for class [com.cardinalhealth.DemoApplicationTests]
]]></system-out>
  <system-err><![CDATA[]]></system-err>
</testsuite>
